0 info it worked if it ends with ok
1 verbose cli [ '/Users/jbyrne/.nvm/versions/node/v6.9.2/bin/node',
1 verbose cli   '/Users/jbyrne/.nvm/versions/node/v6.9.2/bin/npm',
1 verbose cli   'start' ]
2 info using npm@3.10.9
3 info using node@v6.9.2
4 verbose run-script [ 'prestart', 'start', 'poststart' ]
5 info lifecycle qi-bot@1.0.0~prestart: qi-bot@1.0.0
6 silly lifecycle qi-bot@1.0.0~prestart: no script for prestart, continuing
7 info lifecycle qi-bot@1.0.0~start: qi-bot@1.0.0
8 verbose lifecycle qi-bot@1.0.0~start: unsafe-perm in lifecycle true
9 verbose lifecycle qi-bot@1.0.0~start: PATH: /Users/jbyrne/.nvm/versions/node/v6.9.2/lib/node_modules/npm/bin/node-gyp-bin:/Users/jbyrne/git/bots/qi-bot/node_modules/.bin:/Users/jbyrne/anaconda2/bin:/usr/local/opt/sqlite/bin:/Users/jbyrne/anaconda3/bin:/usr/local/sbin:/Users/jbyrne/anaconda3/bin:/Users/jbyrne/anaconda/bin:/Users/jbyrne/.nvm/versions/node/v6.9.2/bin:~/Library/Android/sdk/platform-tools:/usr/bin/git:~/Applications:/usr/local/octave/3.8.0/bin/octave-3.8.0:/Users/jbyrne/anaconda/bin:/Users/jbyrne/bin:/Users/jbyrne/.rvm/gems/ruby-1.9.3-p392/bin:/opt/local/bin:/opt/local/sbin:/usr/local/mongodb/bin:/usr/local/share/npm/bin:/usr/local/share/npm/lib/node_modules/express/bin/usr/local/sbin:/usr/bin/git:/Applications/AWS-ElasticBeanstalk-CLI-2.6.3.2/eb/macosx/python2.7/:/usr/bin:/Applications/apache-maven-3.2.5/bin:/usr/local/heroku/bin:/Users/jbyrne/git/AppRunner:/usr/local/bin:/usr/bin:/bin:/usr/sbin:/sbin:/usr/local/MacGPG2/bin:/Users/jbyrne:/Users/jbyrne/.rvm/bin:~/Library/Android/sdk/platform-tools:/Users/jbyrne:/Users/jbyrne:/Users/jbyrne:/Users/jbyrne:/Users/jbyrne/.rvm/bin
10 verbose lifecycle qi-bot@1.0.0~start: CWD: /Users/jbyrne/git/bots/qi-bot
11 silly lifecycle qi-bot@1.0.0~start: Args: [ '-c', 'node ./index.js' ]
12 silly lifecycle qi-bot@1.0.0~start: Returned: code: 1  signal: null
13 info lifecycle qi-bot@1.0.0~start: Failed to exec start script
14 verbose stack Error: qi-bot@1.0.0 start: `node ./index.js`
14 verbose stack Exit status 1
14 verbose stack     at EventEmitter.<anonymous> (/Users/jbyrne/.nvm/versions/node/v6.9.2/lib/node_modules/npm/lib/utils/lifecycle.js:255:16)
14 verbose stack     at emitTwo (events.js:106:13)
14 verbose stack     at EventEmitter.emit (events.js:191:7)
14 verbose stack     at ChildProcess.<anonymous> (/Users/jbyrne/.nvm/versions/node/v6.9.2/lib/node_modules/npm/lib/utils/spawn.js:40:14)
14 verbose stack     at emitTwo (events.js:106:13)
14 verbose stack     at ChildProcess.emit (events.js:191:7)
14 verbose stack     at maybeClose (internal/child_process.js:877:16)
14 verbose stack     at Process.ChildProcess._handle.onexit (internal/child_process.js:226:5)
15 verbose pkgid qi-bot@1.0.0
16 verbose cwd /Users/jbyrne/git/bots/qi-bot
17 error Darwin 17.7.0
18 error argv "/Users/jbyrne/.nvm/versions/node/v6.9.2/bin/node" "/Users/jbyrne/.nvm/versions/node/v6.9.2/bin/npm" "start"
19 error node v6.9.2
20 error npm  v3.10.9
21 error code ELIFECYCLE
22 error qi-bot@1.0.0 start: `node ./index.js`
22 error Exit status 1
23 error Failed at the qi-bot@1.0.0 start script 'node ./index.js'.
23 error Make sure you have the latest version of node.js and npm installed.
23 error If you do, this is most likely a problem with the qi-bot package,
23 error not with npm itself.
23 error Tell the author that this fails on your system:
23 error     node ./index.js
23 error You can get information on how to open an issue for this project with:
23 error     npm bugs qi-bot
23 error Or if that isn't available, you can get their info via:
23 error     npm owner ls qi-bot
23 error There is likely additional logging output above.
24 verbose exit [ 1, true ]
